<funcion_principal,1,1>
<entero,2,4>
<id,n,2,11>
<tk_pyc,2,12>
<booleano,3,4>
<id,flag,3,13>
<tk_asig,3,18>
<falso,3,20>
<tk_pyc,3,25>
<leer,4,4>
<tk_par_izq,4,8>
<id,n,4,10>
<tk_par_der,4,12>
<tk_pyc,4,13>
<para,5,4>
<tk_par_izq,5,9>
<entero,5,10>
<id,i,5,17>
<tk_asig,5,19>
<tk_entero,2,5,21>
<tk_pyc,5,23>
<id,i,5,25>
<tk_menor,5,27>
<id,n,5,29>
<tk_pyc,5,31>
<tk_entero,1,5,33>
<tk_par_der,5,35>
<hacer,5,37>
<si,6,4>
<tk_par_izq,6,7>
<id,n,6,9>
<tk_mod,6,11>
<id,i,6,13>
<tk_igual,6,15>
<tk_entero,0,6,18>
<tk_par_der,6,20>
<entonces,6,22>
<imprimir,7,6>
<tk_par_izq,7,14>
<tk_cadena,"no es primo",7,16>
<tk_par_der,7,29>
<tk_pyc,7,30>
<id,flag,8,10>
<tk_asig,8,15>
<verdadero,8,17>
<tk_pyc,8,26>
<fin_si,9,13>
<fin_para,10,4>
<si,11,5>
<tk_par_izq,11,8>
<id,flag,11,10>
<tk_igual,11,15>
<falso,11,18>
<tk_par_der,11,24>
<entonces,11,26>
<imprimir,12,5>
<tk_par_izq,12,13>
<tk_cadena,"es primo",12,14>
<tk_par_der,12,24>
<tk_pyc,12,25>
<si_no,13,4>
<fin_si,14,4>
<fin_principal,15,2>
